[2026-02-21 21:59:53] local.ERROR: require(C:\Users\MUHAMMAD\Desktop\Project\MTECP\bootstrap/../routes/web.php): Failed to open stream: No such file or directory {"exception":"[object] (ErrorException(code: 0): require(C:\\Users\\MUHAMMAD\\Desktop\\Project\\MTECP\\bootstrap/../routes/web.php): Failed to open stream: No such file or directory at C:/Users/MUHAMMAD/Desktop/Project/MTECP/vendor/laravel/framework/src/Illuminate/Routing/RouteFileRegistrar.php:34)
[stacktrace]
#0 C:/Users/MUHAMMAD/Desktop/Project/MTECP/vendor/laravel/framework/src/Illuminate/Foundation/Bootstrap/HandleExceptions.php(258): Illuminate/Foundation/Bootstrap/HandleExceptions->handleError(2, 'require(C://User...', 'C://Users//MUHAMM...', 34)
#1 C:/Users/MUHAMMAD/Desktop/Project/MTECP/vendor/laravel/framework/src/Illuminate/Routing/RouteFileRegistrar.php(34): Illuminate/Foundation/Bootstrap/HandleExceptions->{closure:Illuminate/Foundation/Bootstrap/HandleExceptions::forwardsTo():257}(2, 'require(C://User...', 'C://Users//MUHAMM...', 34)
#2 C:/Users/MUHAMMAD/Desktop/Project/MTECP/vendor/laravel/framework/src/Illuminate/Routing/RouteFileRegistrar.php(34): require('C://Users//MUHAMM...')
#3 C:/Users/MUHAMMAD/Desktop/Project/MTECP/vendor/laravel/framework/src/Illuminate/Routing/Router.php(526): Illuminate/Routing/RouteFileRegistrar->register('C://Users//MUHAMM...')
#4 C:/Users/MUHAMMAD/Desktop/Project/MTECP/vendor/laravel/framework/src/Illuminate/Routing/Router.php(480): Illuminate/Routing/Router->loadRoutes('C://Users//MUHAMM...')
#5 C:/Users/MUHAMMAD/Desktop/Project/MTECP/vendor/laravel/framework/src/Illuminate/Routing/RouteRegistrar.php(212): Illuminate/Routing/Router->group(Array, 'C://Users//MUHAMM...')
#6 C:/Users/MUHAMMAD/Desktop/Project/MTECP/vendor/laravel/framework/src/Illuminate/Foundation/Configuration/ApplicationBuilder.php(248): Illuminate/Routing/RouteRegistrar->group('C://Users//MUHAMM...')
#7 C:/Users/MUHAMMAD/Desktop/Project/MTECP/vendor/laravel/framework/src/Illuminate/Container/BoundMethod.php(36): Illuminate/Foundation/Configuration/ApplicationBuilder->{closure:Illuminate/Foundation/Configuration/ApplicationBuilder::buildRoutingCallback():205}()
#8 C:/Users/MUHAMMAD/Desktop/Project/MTECP/vendor/laravel/framework/src/Illuminate/Container/Util.php(43): Illuminate/Container/BoundMethod::{closure:Illuminate/Container/BoundMethod::call():35}()
#9 C:/Users/MUHAMMAD/Desktop/Project/MTECP/vendor/laravel/framework/src/Illuminate/Container/BoundMethod.php(84): Illuminate/Container/Util::unwrapIfClosure(Object(Closure))
#10 C:/Users/MUHAMMAD/Desktop/Project/MTECP/vendor/laravel/framework/src/Illuminate/Container/BoundMethod.php(35): Illuminate/Container/BoundMethod::callBoundMethod(Object(Illuminate/Foundation/Application), Object(Closure), Object(Closure))
#11 C:/Users/MUHAMMAD/Desktop/Project/MTECP/vendor/laravel/framework/src/Illuminate/Container/Container.php(799): Illuminate/Container/BoundMethod::call(Object(Illuminate/Foundation/Application), Object(Closure), Array, NULL)
#12 C:/Users/MUHAMMAD/Desktop/Project/MTECP/vendor/laravel/framework/src/Illuminate/Foundation/Support/Providers/RouteServiceProvider.php(162): Illuminate/Container/Container->call(Object(Closure))
#13 C:/Users/MUHAMMAD/Desktop/Project/MTECP/vendor/laravel/framework/src/Illuminate/Foundation/Support/Providers/RouteServiceProvider.php(59): Illuminate/Foundation/Support/Providers/RouteServiceProvider->loadRoutes()
#14 C:/Users/MUHAMMAD/Desktop/Project/MTECP/vendor/laravel/framework/src/Illuminate/Container/BoundMethod.php(36): Illuminate/Foundation/Support/Providers/RouteServiceProvider->{closure:Illuminate/Foundation/Support/Providers/RouteServiceProvider::register():53}()
#15 C:/Users/MUHAMMAD/Desktop/Project/MTECP/vendor/laravel/framework/src/Illuminate/Container/Util.php(43): Illuminate/Container/BoundMethod::{closure:Illuminate/Container/BoundMethod::call():35}()
#16 C:/Users/MUHAMMAD/Desktop/Project/MTECP/vendor/laravel/framework/src/Illuminate/Container/BoundMethod.php(84): Illuminate/Container/Util::unwrapIfClosure(Object(Closure))
#17 C:/Users/MUHAMMAD/Desktop/Project/MTECP/vendor/laravel/framework/src/Illuminate/Container/BoundMethod.php(35): Illuminate/Container/BoundMethod::callBoundMethod(Object(Illuminate/Foundation/Application), Object(Closure), Object(Closure))
#18 C:/Users/MUHAMMAD/Desktop/Project/MTECP/vendor/laravel/framework/src/Illuminate/Container/Container.php(799): Illuminate/Container/BoundMethod::call(Object(Illuminate/Foundation/Application), Object(Closure), Array, NULL)
#19 C:/Users/MUHAMMAD/Desktop/Project/MTECP/vendor/laravel/framework/src/Illuminate/Support/ServiceProvider.php(150): Illuminate/Container/Container->call(Object(Closure))
#20 C:/Users/MUHAMMAD/Desktop/Project/MTECP/vendor/laravel/framework/src/Illuminate/Foundation/Application.php(1154): Illuminate/Support/ServiceProvider->callBootedCallbacks()
#21 C:/Users/MUHAMMAD/Desktop/Project/MTECP/vendor/laravel/framework/src/Illuminate/Foundation/Application.php(1132): Illuminate/Foundation/Application->bootProvider(Object(Illuminate/Foundation/Support/Providers/RouteServiceProvider))
#22 [internal function]: Illuminate/Foundation/Application->{closure:Illuminate/Foundation/Application::boot():1131}(Object(Illuminate/Foundation/Support/Providers/RouteServiceProvider), 'Illuminate//Foun...')
#23 C:/Users/MUHAMMAD/Desktop/Project/MTECP/vendor/laravel/framework/src/Illuminate/Foundation/Application.php(1131): array_walk(Array, Object(Closure))
#24 C:/Users/MUHAMMAD/Desktop/Project/MTECP/vendor/laravel/framework/src/Illuminate/Foundation/Bootstrap/BootProviders.php(17): Illuminate/Foundation/Application->boot()
#25 C:/Users/MUHAMMAD/Desktop/Project/MTECP/vendor/laravel/framework/src/Illuminate/Foundation/Application.php(342): Illuminate/Foundation/Bootstrap/BootProviders->bootstrap(Object(Illuminate/Foundation/Application))
#26 C:/Users/MUHAMMAD/Desktop/Project/MTECP/vendor/laravel/framework/src/Illuminate/Foundation/Console/Kernel.php(494): Illuminate/Foundation/Application->bootstrapWith(Array)
#27 C:/Users/MUHAMMAD/Desktop/Project/MTECP/vendor/laravel/framework/src/Illuminate/Foundation/Console/Kernel.php(196): Illuminate/Foundation/Console/Kernel->bootstrap()
#28 C:/Users/MUHAMMAD/Desktop/Project/MTECP/vendor/laravel/framework/src/Illuminate/Foundation/Application.php(1235): Illuminate/Foundation/Console/Kernel->handle(Object(Symfony/Component/Console/Input/ArgvInput), Object(Symfony/Component/Console/Output/ConsoleOutput))
#29 C:/Users/MUHAMMAD/Desktop/Project/MTECP/artisan(16): Illuminate/Foundation/Application->handleCommand(Object(Symfony/Component/Console/Input/ArgvInput))
#30 {main}
"} 
[2026-02-22 10:09:53] local.ERROR: PHP Parse error: Syntax error, unexpected T_NS_SEPARATOR on line 1 {"exception":"[object] (Psy\\Exception\\ParseErrorException(code: 0): PHP Parse error: Syntax error, unexpected T_NS_SEPARATOR on line 1 at C:/Users/MUHAMMAD/Desktop/Project/MTECP/vendor/psy/psysh/src/Exception/ParseErrorException.php:44)
[stacktrace]
#0 C:/Users/MUHAMMAD/Desktop/Project/MTECP/vendor/psy/psysh/src/CodeCleaner.php(488): Psy/Exception/ParseErrorException::fromParseError(Object(PhpParser/Error))
#1 C:/Users/MUHAMMAD/Desktop/Project/MTECP/vendor/psy/psysh/src/CodeCleaner.php(269): Psy/CodeCleaner->parse('<?php foreach (...', false)
#2 C:/Users/MUHAMMAD/Desktop/Project/MTECP/vendor/psy/psysh/src/Shell.php(1059): Psy/CodeCleaner->clean(Array, false)
#3 C:/Users/MUHAMMAD/Desktop/Project/MTECP/vendor/psy/psysh/src/Shell.php(1092): Psy/Shell->addCode('foreach (Route:...', true)
#4 C:/Users/MUHAMMAD/Desktop/Project/MTECP/vendor/psy/psysh/src/Shell.php(1640): Psy/Shell->setCode('foreach (Route:...', true)
#5 C:/Users/MUHAMMAD/Desktop/Project/MTECP/vendor/laravel/tinker/src/Console/TinkerCommand.php(77): Psy/Shell->execute('foreach (Route:...')
#6 C:/Users/MUHAMMAD/Desktop/Project/MTECP/vendor/laravel/framework/src/Illuminate/Container/BoundMethod.php(36): Laravel/Tinker/Console/TinkerCommand->handle()
#7 C:/Users/MUHAMMAD/Desktop/Project/MTECP/vendor/laravel/framework/src/Illuminate/Container/Util.php(43): Illuminate/Container/BoundMethod::{closure:Illuminate/Container/BoundMethod::call():35}()
#8 C:/Users/MUHAMMAD/Desktop/Project/MTECP/vendor/laravel/framework/src/Illuminate/Container/BoundMethod.php(96): Illuminate/Container/Util::unwrapIfClosure(Object(Closure))
#9 C:/Users/MUHAMMAD/Desktop/Project/MTECP/vendor/laravel/framework/src/Illuminate/Container/BoundMethod.php(35): Illuminate/Container/BoundMethod::callBoundMethod(Object(Illuminate/Foundation/Application), Array, Object(Closure))
#10 C:/Users/MUHAMMAD/Desktop/Project/MTECP/vendor/laravel/framework/src/Illuminate/Container/Container.php(799): Illuminate/Container/BoundMethod::call(Object(Illuminate/Foundation/Application), Array, Array, NULL)
#11 C:/Users/MUHAMMAD/Desktop/Project/MTECP/vendor/laravel/framework/src/Illuminate/Console/Command.php(211): Illuminate/Container/Container->call(Array)
#12 C:/Users/MUHAMMAD/Desktop/Project/MTECP/vendor/symfony/console/Command/Command.php(341): Illuminate/Console/Command->execute(Object(Symfony/Component/Console/Input/ArgvInput), Object(Illuminate/Console/OutputStyle))
#13 C:/Users/MUHAMMAD/Desktop/Project/MTECP/vendor/laravel/framework/src/Illuminate/Console/Command.php(180): Symfony/Component/Console/Command/Command->run(Object(Symfony/Component/Console/Input/ArgvInput), Object(Illuminate/Console/OutputStyle))
#14 C:/Users/MUHAMMAD/Desktop/Project/MTECP/vendor/symfony/console/Application.php(1102): Illuminate/Console/Command->run(Object(Symfony/Component/Console/Input/ArgvInput), Object(Symfony/Component/Console/Output/ConsoleOutput))
#15 C:/Users/MUHAMMAD/Desktop/Project/MTECP/vendor/symfony/console/Application.php(356): Symfony/Component/Console/Application->doRunCommand(Object(Laravel/Tinker/Console/TinkerCommand), Object(Symfony/Component/Console/Input/ArgvInput), Object(Symfony/Component/Console/Output/ConsoleOutput))
#16 C:/Users/MUHAMMAD/Desktop/Project/MTECP/vendor/symfony/console/Application.php(195): Symfony/Component/Console/Application->doRun(Object(Symfony/Component/Console/Input/ArgvInput), Object(Symfony/Component/Console/Output/ConsoleOutput))
#17 C:/Users/MUHAMMAD/Desktop/Project/MTECP/vendor/laravel/framework/src/Illuminate/Foundation/Console/Kernel.php(198): Symfony/Component/Console/Application->run(Object(Symfony/Component/Console/Input/ArgvInput), Object(Symfony/Component/Console/Output/ConsoleOutput))
#18 C:/Users/MUHAMMAD/Desktop/Project/MTECP/vendor/laravel/framework/src/Illuminate/Foundation/Application.php(1235): Illuminate/Foundation/Console/Kernel->handle(Object(Symfony/Component/Console/Input/ArgvInput), Object(Symfony/Component/Console/Output/ConsoleOutput))
#19 C:/Users/MUHAMMAD/Desktop/Project/MTECP/artisan(16): Illuminate/Foundation/Application->handleCommand(Object(Symfony/Component/Console/Input/ArgvInput))
#20 {main}
"} 
[2026-02-22 20:05:17] local.ERROR: TENANT.PHP IS BEING EXECUTED! {"exception":"[object] (Exception(code: 0): TENANT.PHP IS BEING EXECUTED! at C:/Users/MUHAMMAD/Desktop/Project/MTECP/routes/tenant.php:11)
[stacktrace]
#0 C:/Users/MUHAMMAD/Desktop/Project/MTECP/vendor/laravel/framework/src/Illuminate/Routing/RouteFileRegistrar.php(34): require()
#1 C:/Users/MUHAMMAD/Desktop/Project/MTECP/vendor/laravel/framework/src/Illuminate/Routing/Router.php(526): Illuminate/Routing/RouteFileRegistrar->register('C://Users//MUHAMM...')
#2 C:/Users/MUHAMMAD/Desktop/Project/MTECP/vendor/laravel/framework/src/Illuminate/Routing/Router.php(480): Illuminate/Routing/Router->loadRoutes('C://Users//MUHAMM...')
#3 C:/Users/MUHAMMAD/Desktop/Project/MTECP/vendor/laravel/framework/src/Illuminate/Routing/RouteRegistrar.php(212): Illuminate/Routing/Router->group(Array, 'C://Users//MUHAMM...')
#4 C:/Users/MUHAMMAD/Desktop/Project/MTECP/app/Providers/AppServiceProvider.php(26): Illuminate/Routing/RouteRegistrar->group('C://Users//MUHAMM...')
#5 C:/Users/MUHAMMAD/Desktop/Project/MTECP/vendor/laravel/framework/src/Illuminate/Container/BoundMethod.php(36): App/Providers/AppServiceProvider->boot()
#6 C:/Users/MUHAMMAD/Desktop/Project/MTECP/vendor/laravel/framework/src/Illuminate/Container/Util.php(43): Illuminate/Container/BoundMethod::{closure:Illuminate/Container/BoundMethod::call():35}()
#7 C:/Users/MUHAMMAD/Desktop/Project/MTECP/vendor/laravel/framework/src/Illuminate/Container/BoundMethod.php(96): Illuminate/Container/Util::unwrapIfClosure(Object(Closure))
#8 C:/Users/MUHAMMAD/Desktop/Project/MTECP/vendor/laravel/framework/src/Illuminate/Container/BoundMethod.php(35): Illuminate/Container/BoundMethod::callBoundMethod(Object(Illuminate/Foundation/Application), Array, Object(Closure))
#9 C:/Users/MUHAMMAD/Desktop/Project/MTECP/vendor/laravel/framework/src/Illuminate/Container/Container.php(799): Illuminate/Container/BoundMethod::call(Object(Illuminate/Foundation/Application), Array, Array, NULL)
#10 C:/Users/MUHAMMAD/Desktop/Project/MTECP/vendor/laravel/framework/src/Illuminate/Foundation/Application.php(1151): Illuminate/Container/Container->call(Array)
#11 C:/Users/MUHAMMAD/Desktop/Project/MTECP/vendor/laravel/framework/src/Illuminate/Foundation/Application.php(1132): Illuminate/Foundation/Application->bootProvider(Object(App/Providers/AppServiceProvider))
#12 [internal function]: Illuminate/Foundation/Application->{closure:Illuminate/Foundation/Application::boot():1131}(Object(App/Providers/AppServiceProvider), 'App//Providers//A...')
#13 C:/Users/MUHAMMAD/Desktop/Project/MTECP/vendor/laravel/framework/src/Illuminate/Foundation/Application.php(1131): array_walk(Array, Object(Closure))
#14 C:/Users/MUHAMMAD/Desktop/Project/MTECP/vendor/laravel/framework/src/Illuminate/Foundation/Bootstrap/BootProviders.php(17): Illuminate/Foundation/Application->boot()
#15 C:/Users/MUHAMMAD/Desktop/Project/MTECP/vendor/laravel/framework/src/Illuminate/Foundation/Application.php(342): Illuminate/Foundation/Bootstrap/BootProviders->bootstrap(Object(Illuminate/Foundation/Application))
#16 C:/Users/MUHAMMAD/Desktop/Project/MTECP/vendor/laravel/framework/src/Illuminate/Foundation/Console/Kernel.php(494): Illuminate/Foundation/Application->bootstrapWith(Array)
#17 C:/Users/MUHAMMAD/Desktop/Project/MTECP/vendor/laravel/framework/src/Illuminate/Foundation/Console/Kernel.php(196): Illuminate/Foundation/Console/Kernel->bootstrap()
#18 C:/Users/MUHAMMAD/Desktop/Project/MTECP/vendor/laravel/framework/src/Illuminate/Foundation/Application.php(1235): Illuminate/Foundation/Console/Kernel->handle(Object(Symfony/Component/Console/Input/ArgvInput), Object(Symfony/Component/Console/Output/ConsoleOutput))
#19 C:/Users/MUHAMMAD/Desktop/Project/MTECP/artisan(16): Illuminate/Foundation/Application->handleCommand(Object(Symfony/Component/Console/Input/ArgvInput))
#20 {main}
"} 
[2026-02-22 20:06:58] local.INFO: Evaluating routes/tenant.php  
[2026-02-22 20:07:00] testing.INFO: Evaluating routes/tenant.php  
[2026-02-22 20:10:20] local.INFO: Evaluating routes/tenant.php  
[2026-02-22 20:12:25] local.INFO: Evaluating routes/tenant.php  
[2026-02-22 20:13:45] local.INFO: Evaluating routes/tenant.php  
[2026-02-22 20:16:34] local.INFO: Evaluating routes/tenant.php  
[2026-02-22 20:16:36] testing.INFO: Evaluating routes/tenant.php  
[2026-02-22 20:26:30] local.INFO: Evaluating routes/tenant.php  
[2026-02-22 20:26:32] testing.INFO: Evaluating routes/tenant.php  
[2026-02-22 20:29:31] local.INFO: Evaluating routes/tenant.php  
[2026-02-22 20:29:34] testing.INFO: Evaluating routes/tenant.php  
[2026-02-22 20:31:27] local.INFO: Evaluating routes/tenant.php  
[2026-02-22 20:35:22] local.INFO: Evaluating routes/tenant.php  
[2026-02-22 20:37:05] local.INFO: Evaluating routes/tenant.php  
[2026-02-22 20:37:47] local.INFO: Evaluating routes/tenant.php  
[2026-02-22 20:37:50] testing.INFO: Evaluating routes/tenant.php  
[2026-02-22 20:38:42] local.INFO: Evaluating routes/tenant.php  
[2026-02-22 20:38:45] testing.INFO: Evaluating routes/tenant.php  
[2026-02-22 20:51:57] local.INFO: Evaluating routes/tenant.php  
[2026-02-22 20:54:15] local.INFO: Evaluating routes/tenant.php  
[2026-02-22 20:54:17] testing.INFO: Evaluating routes/tenant.php  
[2026-02-22 20:54:18] testing.ERROR: Unable to locate a class or view for component [storefront-layout]. {"exception":"[object] (InvalidArgumentException(code: 0): Unable to locate a class or view for component [storefront-layout]. at C:/Users/MUHAMMAD/Desktop/Project/MTECP/vendor/laravel/framework/src/Illuminate/View/Compilers/ComponentTagCompiler.php:315)
[stacktrace]
#0 C:/Users/MUHAMMAD/Desktop/Project/MTECP/vendor/laravel/framework/src/Illuminate/View/Compilers/ComponentTagCompiler.php(235): Illuminate/View/Compilers/ComponentTagCompiler->componentClass('storefront-layo...')
#1 C:/Users/MUHAMMAD/Desktop/Project/MTECP/vendor/laravel/framework/src/Illuminate/View/Compilers/ComponentTagCompiler.php(156): Illuminate/View/Compilers/ComponentTagCompiler->componentString('storefront-layo...', Array)
#2 [internal function]: Illuminate/View/Compilers/ComponentTagCompiler->{closure:Illuminate/View/Compilers/ComponentTagCompiler::compileOpeningTags():151}(Array)
#3 C:/Users/MUHAMMAD/Desktop/Project/MTECP/vendor/laravel/framework/src/Illuminate/View/Compilers/ComponentTagCompiler.php(151): preg_replace_callback('//n            <...', Object(Closure), '<x-storefront-l...')
#4 C:/Users/MUHAMMAD/Desktop/Project/MTECP/vendor/laravel/framework/src/Illuminate/View/Compilers/ComponentTagCompiler.php(90): Illuminate/View/Compilers/ComponentTagCompiler->compileOpeningTags('<x-storefront-l...')
#5 C:/Users/MUHAMMAD/Desktop/Project/MTECP/vendor/laravel/framework/src/Illuminate/View/Compilers/ComponentTagCompiler.php(76): Illuminate/View/Compilers/ComponentTagCompiler->compileTags('<x-storefront-l...')
#6 C:/Users/MUHAMMAD/Desktop/Project/MTECP/vendor/laravel/framework/src/Illuminate/View/Compilers/BladeCompiler.php(456): Illuminate/View/Compilers/ComponentTagCompiler->compile('<x-storefront-l...')
#7 C:/Users/MUHAMMAD/Desktop/Project/MTECP/vendor/laravel/framework/src/Illuminate/View/Compilers/BladeCompiler.php(288): Illuminate/View/Compilers/BladeCompiler->compileComponentTags('<x-storefront-l...')
#8 C:/Users/MUHAMMAD/Desktop/Project/MTECP/vendor/laravel/framework/src/Illuminate/View/Compilers/BladeCompiler.php(188): Illuminate/View/Compilers/BladeCompiler->compileString('<x-storefront-l...')
#9 C:/Users/MUHAMMAD/Desktop/Project/MTECP/vendor/laravel/framework/src/Illuminate/View/Engines/CompilerEngine.php(68): Illuminate/View/Compilers/BladeCompiler->compile('C://Users//MUHAMM...')
#10 C:/Users/MUHAMMAD/Desktop/Project/MTECP/vendor/livewire/livewire/src/Mechanisms/ExtendBlade/ExtendedCompilerEngine.php(10): Illuminate/View/Engines/CompilerEngine->get('C://Users//MUHAMM...', Array)
#11 C:/Users/MUHAMMAD/Desktop/Project/MTECP/vendor/laravel/framework/src/Illuminate/View/View.php(208): Livewire/Mechanisms/ExtendBlade/ExtendedCompilerEngine->get('C://Users//MUHAMM...', Array)
#12 C:/Users/MUHAMMAD/Desktop/Project/MTECP/vendor/laravel/framework/src/Illuminate/View/View.php(191): Illuminate/View/View->getContents()
#13 C:/Users/MUHAMMAD/Desktop/Project/MTECP/vendor/laravel/framework/src/Illuminate/View/View.php(160): Illuminate/View/View->renderContents()
#14 C:/Users/MUHAMMAD/Desktop/Project/MTECP/vendor/laravel/framework/src/Illuminate/Http/Response.php(78): Illuminate/View/View->render()
#15 C:/Users/MUHAMMAD/Desktop/Project/MTECP/vendor/laravel/framework/src/Illuminate/Http/Response.php(34): Illuminate/Http/Response->setContent(Object(Illuminate/View/View))
#16 C:/Users/MUHAMMAD/Desktop/Project/MTECP/vendor/laravel/framework/src/Illuminate/Routing/Router.php(939): Illuminate/Http/Response->__construct(Object(Illuminate/View/View), 200, Array)
#17 C:/Users/MUHAMMAD/Desktop/Project/MTECP/vendor/laravel/framework/src/Illuminate/Routing/Router.php(906): Illuminate/Routing/Router::toResponse(Object(Illuminate/Http/Request), Object(Illuminate/View/View))
#18 C:/Users/MUHAMMAD/Desktop/Project/MTECP/vendor/laravel/framework/src/Illuminate/Routing/Router.php(821): Illuminate/Routing/Router->prepareResponse(Object(Illuminate/Http/Request), Object(Illuminate/View/View))
#19 C:/Users/MUHAMMAD/Desktop/Project/MTECP/vendor/laravel/framework/src/Illuminate/Pipeline/Pipeline.php(180): Illuminate/Routing/Router->{closure:Illuminate/Routing/Router::runRouteWithinStack():821}(Object(Illuminate/Http/Request))
#20 C:/Users/MUHAMMAD/Desktop/Project/MTECP/vendor/laravel/framework/src/Illuminate/Routing/Middleware/SubstituteBindings.php(50): Illuminate/Pipeline/Pipeline->{closure:Illuminate/Pipeline/Pipeline::prepareDestination():178}(Object(Illuminate/Http/Request))
#21 C:/Users/MUHAMMAD/Desktop/Project/MTECP/vendor/laravel/framework/src/Illuminate/Pipeline/Pipeline.php(219): Illuminate/Routing/Middleware/SubstituteBindings->handle(Object(Illuminate/Http/Request), Object(Closure))
#22 C:/Users/MUHAMMAD/Desktop/Project/MTECP/vendor/laravel/framework/src/Illuminate/Foundation/Http/Middleware/VerifyCsrfToken.php(87): Illuminate/Pipeline/Pipeline->{closure:{closure:Illuminate/Pipeline/Pipeline::carry():194}:195}(Object(Illuminate/Http/Request))
#23 C:/Users/MUHAMMAD/Desktop/Project/MTECP/vendor/laravel/framework/src/Illuminate/Pipeline/Pipeline.php(219): Illuminate/Foundation/Http/Middleware/VerifyCsrfToken->handle(Object(Illuminate/Http/Request), Object(Closure))
#24 C:/Users/MUHAMMAD/Desktop/Project/MTECP/vendor/laravel/framework/src/Illuminate/View/Middleware/ShareErrorsFromSession.php(48): Illuminate/Pipeline/Pipeline->{closure:{closure:Illuminate/Pipeline/Pipeline::carry():194}:195}(Object(Illuminate/Http/Request))
#25 C:/Users/MUHAMMAD/Desktop/Project/MTECP/vendor/laravel/framework/src/Illuminate/Pipeline/Pipeline.php(219): Illuminate/View/Middleware/ShareErrorsFromSession->handle(Object(Illuminate/Http/Request), Object(Closure))
#26 C:/Users/MUHAMMAD/Desktop/Project/MTECP/vendor/laravel/framework/src/Illuminate/Session/Middleware/StartSession.php(120): Illuminate/Pipeline/Pipeline->{closure:{closure:Illuminate/Pipeline/Pipeline::carry():194}:195}(Object(Illuminate/Http/Request))
#27 C:/Users/MUHAMMAD/Desktop/Project/MTECP/vendor/laravel/framework/src/Illuminate/Session/Middleware/StartSession.php(63): Illuminate/Session/Middleware/StartSession->handleStatefulRequest(Object(Illuminate/Http/Request), Object(Illuminate/Session/Store), Object(Closure))
#28 C:/Users/MUHAMMAD/Desktop/Project/MTECP/vendor/laravel/framework/src/Illuminate/Pipeline/Pipeline.php(219): Illuminate/Session/Middleware/StartSession->handle(Object(Illuminate/Http/Request), Object(Closure))
#29 C:/Users/MUHAMMAD/Desktop/Project/MTECP/vendor/laravel/framework/src/Illuminate/Cookie/Middleware/AddQueuedCookiesToResponse.php(36): Illuminate/Pipeline/Pipeline->{closure:{closure:Illuminate/Pipeline/Pipeline::carry():194}:195}(Object(Illuminate/Http/Request))
#30 C:/Users/MUHAMMAD/Desktop/Project/MTECP/vendor/laravel/framework/src/Illuminate/Pipeline/Pipeline.php(219): Illuminate/Cookie/Middleware/AddQueuedCookiesToResponse->handle(Object(Illuminate/Http/Request), Object(Closure))
#31 C:/Users/MUHAMMAD/Desktop/Project/MTECP/vendor/laravel/framework/src/Illuminate/Cookie/Middleware/EncryptCookies.php(74): Illuminate/Pipeline/Pipeline->{closure:{closure:Illuminate/Pipeline/Pipeline::carry():194}:195}(Object(Illuminate/Http/Request))
#32 C:/Users/MUHAMMAD/Desktop/Project/MTECP/vendor/laravel/framework/src/Illuminate/Pipeline/Pipeline.php(219): Illuminate/Cookie/Middleware/EncryptCookies->handle(Object(Illuminate/Http/Request), Object(Closure))
#33 C:/Users/MUHAMMAD/Desktop/Project/MTECP/vendor/stancl/tenancy/src/Middleware/IdentificationMiddleware.php(36): Illuminate/Pipeline/Pipeline->{closure:{closure:Illuminate/Pipeline/Pipeline::carry():194}:195}(Object(Illuminate/Http/Request))
#34 C:/Users/MUHAMMAD/Desktop/Project/MTECP/vendor/stancl/tenancy/src/Middleware/InitializeTenancyByDomain.php(37): Stancl/Tenancy/Middleware/IdentificationMiddleware->initializeTenancy(Object(Illuminate/Http/Request), Object(Closure), 'brandtest-699b6...')
#35 C:/Users/MUHAMMAD/Desktop/Project/MTECP/vendor/laravel/framework/src/Illuminate/Pipeline/Pipeline.php(219): Stancl/Tenancy/Middleware/InitializeTenancyByDomain->handle(Object(Illuminate/Http/Request), Object(Closure))
#36 C:/Users/MUHAMMAD/Desktop/Project/MTECP/vendor/stancl/tenancy/src/Middleware/PreventAccessFromCentralDomains.php(29): Illuminate/Pipeline/Pipeline->{closure:{closure:Illuminate/Pipeline/Pipeline::carry():194}:195}(Object(Illuminate/Http/Request))
#37 C:/Users/MUHAMMAD/Desktop/Project/MTECP/vendor/laravel/framework/src/Illuminate/Pipeline/Pipeline.php(219): Stancl/Tenancy/Middleware/PreventAccessFromCentralDomains->handle(Object(Illuminate/Http/Request), Object(Closure))
#38 C:/Users/MUHAMMAD/Desktop/Project/MTECP/vendor/laravel/framework/src/Illuminate/Pipeline/Pipeline.php(137): Illuminate/Pipeline/Pipeline->{closure:{closure:Illuminate/Pipeline/Pipeline::carry():194}:195}(Object(Illuminate/Http/Request))
#39 C:/Users/MUHAMMAD/Desktop/Project/MTECP/vendor/laravel/framework/src/Illuminate/Routing/Router.php(821): Illuminate/Pipeline/Pipeline->then(Object(Closure))
#40 C:/Users/MUHAMMAD/Desktop/Project/MTECP/vendor/laravel/framework/src/Illuminate/Routing/Router.php(800): Illuminate/Routing/Router->runRouteWithinStack(Object(Illuminate/Routing/Route), Object(Illuminate/Http/Request))
#41 C:/Users/MUHAMMAD/Desktop/Project/MTECP/vendor/laravel/framework/src/Illuminate/Routing/Router.php(764): Illuminate/Routing/Router->runRoute(Object(Illuminate/Http/Request), Object(Illuminate/Routing/Route))
#42 C:/Users/MUHAMMAD/Desktop/Project/MTECP/vendor/laravel/framework/src/Illuminate/Routing/Router.php(753): Illuminate/Routing/Router->dispatchToRoute(Object(Illuminate/Http/Request))
#43 C:/Users/MUHAMMAD/Desktop/Project/MTECP/vendor/laravel/framework/src/Illuminate/Foundation/Http/Kernel.php(200): Illuminate/Routing/Router->dispatch(Object(Illuminate/Http/Request))
#44 C:/Users/MUHAMMAD/Desktop/Project/MTECP/vendor/laravel/framework/src/Illuminate/Pipeline/Pipeline.php(180): Illuminate/Foundation/Http/Kernel->{closure:Illuminate/Foundation/Http/Kernel::dispatchToRouter():197}(Object(Illuminate/Http/Request))
#45 C:/Users/MUHAMMAD/Desktop/Project/MTECP/vendor/livewire/livewire/src/Features/SupportDisablingBackButtonCache/DisableBackButtonCacheMiddleware.php(19): Illuminate/Pipeline/Pipeline->{closure:Illuminate/Pipeline/Pipeline::prepareDestination():178}(Object(Illuminate/Http/Request))
#46 C:/Users/MUHAMMAD/Desktop/Project/MTECP/vendor/laravel/framework/src/Illuminate/Pipeline/Pipeline.php(219): Livewire/Features/SupportDisablingBackButtonCache/DisableBackButtonCacheMiddleware->handle(Object(Illuminate/Http/Request), Object(Closure))
#47 C:/Users/MUHAMMAD/Desktop/Project/MTECP/vendor/laravel/framework/src/Illuminate/Foundation/Http/Middleware/TransformsRequest.php(21): Illuminate/Pipeline/Pipeline->{closure:{closure:Illuminate/Pipeline/Pipeline::carry():194}:195}(Object(Illuminate/Http/Request))
#48 C:/Users/MUHAMMAD/Desktop/Project/MTECP/vendor/laravel/framework/src/Illuminate/Foundation/Http/Middleware/ConvertEmptyStringsToNull.php(31): Illuminate/Foundation/Http/Middleware/TransformsRequest->handle(Object(Illuminate/Http/Request), Object(Closure))
#49 C:/Users/MUHAMMAD/Desktop/Project/MTECP/vendor/laravel/framework/src/Illuminate/Pipeline/Pipeline.php(219): Illuminate/Foundation/Http/Middleware/ConvertEmptyStringsToNull->handle(Object(Illuminate/Http/Request), Object(Closure))
#50 C:/Users/MUHAMMAD/Desktop/Project/MTECP/vendor/laravel/framework/src/Illuminate/Foundation/Http/Middleware/TransformsRequest.php(21): Illuminate/Pipeline/Pipeline->{closure:{closure:Illuminate/Pipeline/Pipeline::carry():194}:195}(Object(Illuminate/Http/Request))
#51 C:/Users/MUHAMMAD/Desktop/Project/MTECP/vendor/laravel/framework/src/Illuminate/Foundation/Http/Middleware/TrimStrings.php(51): Illuminate/Foundation/Http/Middleware/TransformsRequest->handle(Object(Illuminate/Http/Request), Object(Closure))
#52 C:/Users/MUHAMMAD/Desktop/Project/MTECP/vendor/laravel/framework/src/Illuminate/Pipeline/Pipeline.php(219): Illuminate/Foundation/Http/Middleware/TrimStrings->handle(Object(Illuminate/Http/Request), Object(Closure))
#53 C:/Users/MUHAMMAD/Desktop/Project/MTECP/vendor/laravel/framework/src/Illuminate/Http/Middleware/ValidatePostSize.php(27): Illuminate/Pipeline/Pipeline->{closure:{closure:Illuminate/Pipeline/Pipeline::carry():194}:195}(Object(Illuminate/Http/Request))
#54 C:/Users/MUHAMMAD/Desktop/Project/MTECP/vendor/laravel/framework/src/Illuminate/Pipeline/Pipeline.php(219): Illuminate/Http/Middleware/ValidatePostSize->handle(Object(Illuminate/Http/Request), Object(Closure))
#55 C:/Users/MUHAMMAD/Desktop/Project/MTECP/vendor/laravel/framework/src/Illuminate/Foundation/Http/Middleware/PreventRequestsDuringMaintenance.php(109): Illuminate/Pipeline/Pipeline->{closure:{closure:Illuminate/Pipeline/Pipeline::carry():194}:195}(Object(Illuminate/Http/Request))
#56 C:/Users/MUHAMMAD/Desktop/Project/MTECP/vendor/laravel/framework/src/Illuminate/Pipeline/Pipeline.php(219): Illuminate/Foundation/Http/Middleware/PreventRequestsDuringMaintenance->handle(Object(Illuminate/Http/Request), Object(Closure))
#57 C:/Users/MUHAMMAD/Desktop/Project/MTECP/vendor/laravel/framework/src/Illuminate/Http/Middleware/HandleCors.php(61): Illuminate/Pipeline/Pipeline->{closure:{closure:Illuminate/Pipeline/Pipeline::carry():194}:195}(Object(Illuminate/Http/Request))
#58 C:/Users/MUHAMMAD/Desktop/Project/MTECP/vendor/laravel/framework/src/Illuminate/Pipeline/Pipeline.php(219): Illuminate/Http/Middleware/HandleCors->handle(Object(Illuminate/Http/Request), Object(Closure))
#59 C:/Users/MUHAMMAD/Desktop/Project/MTECP/vendor/laravel/framework/src/Illuminate/Http/Middleware/TrustProxies.php(58): Illuminate/Pipeline/Pipeline->{closure:{closure:Illuminate/Pipeline/Pipeline::carry():194}:195}(Object(Illuminate/Http/Request))
#60 C:/Users/MUHAMMAD/Desktop/Project/MTECP/vendor/laravel/framework/src/Illuminate/Pipeline/Pipeline.php(219): Illuminate/Http/Middleware/TrustProxies->handle(Object(Illuminate/Http/Request), Object(Closure))
#61 C:/Users/MUHAMMAD/Desktop/Project/MTECP/vendor/laravel/framework/src/Illuminate/Foundation/Http/Middleware/InvokeDeferredCallbacks.php(22): Illuminate/Pipeline/Pipeline->{closure:{closure:Illuminate/Pipeline/Pipeline::carry():194}:195}(Object(Illuminate/Http/Request))
#62 C:/Users/MUHAMMAD/Desktop/Project/MTECP/vendor/laravel/framework/src/Illuminate/Pipeline/Pipeline.php(219): Illuminate/Foundation/Http/Middleware/InvokeDeferredCallbacks->handle(Object(Illuminate/Http/Request), Object(Closure))
#63 C:/Users/MUHAMMAD/Desktop/Project/MTECP/vendor/laravel/framework/src/Illuminate/Http/Middleware/ValidatePathEncoding.php(26): Illuminate/Pipeline/Pipeline->{closure:{closure:Illuminate/Pipeline/Pipeline::carry():194}:195}(Object(Illuminate/Http/Request))
#64 C:/Users/MUHAMMAD/Desktop/Project/MTECP/vendor/laravel/framework/src/Illuminate/Pipeline/Pipeline.php(219): Illuminate/Http/Middleware/ValidatePathEncoding->handle(Object(Illuminate/Http/Request), Object(Closure))
#65 C:/Users/MUHAMMAD/Desktop/Project/MTECP/vendor/laravel/framework/src/Illuminate/Pipeline/Pipeline.php(137): Illuminate/Pipeline/Pipeline->{closure:{closure:Illuminate/Pipeline/Pipeline::carry():194}:195}(Object(Illuminate/Http/Request))
#66 C:/Users/MUHAMMAD/Desktop/Project/MTECP/vendor/laravel/framework/src/Illuminate/Foundation/Http/Kernel.php(175): Illuminate/Pipeline/Pipeline->then(Object(Closure))
#67 C:/Users/MUHAMMAD/Desktop/Project/MTECP/vendor/laravel/framework/src/Illuminate/Foundation/Http/Kernel.php(144): Illuminate/Foundation/Http/Kernel->sendRequestThroughRouter(Object(Illuminate/Http/Request))
#68 C:/Users/MUHAMMAD/Desktop/Project/MTECP/vendor/laravel/framework/src/Illuminate/Foundation/Testing/Concerns/MakesHttpRequests.php(607): Illuminate/Foundation/Http/Kernel->handle(Object(Illuminate/Http/Request))
#69 C:/Users/MUHAMMAD/Desktop/Project/MTECP/vendor/laravel/framework/src/Illuminate/Foundation/Testing/Concerns/MakesHttpRequests.php(368): Illuminate/Foundation/Testing/TestCase->call('GET', 'http://brandtes...', Array, Array, Array, Array)
#70 C:/Users/MUHAMMAD/Desktop/Project/MTECP/tests/Feature/StorefrontThemingTest.php(24): Illuminate/Foundation/Testing/TestCase->get('http://brandtes...')
#71 C:/Users/MUHAMMAD/Desktop/Project/MTECP/vendor/phpunit/phpunit/src/Framework/TestCase.php(1667): Tests/Feature/StorefrontThemingTest->test_storefront_renders_tenant_brand_colors()
#72 C:/Users/MUHAMMAD/Desktop/Project/MTECP/vendor/phpunit/phpunit/src/Framework/TestCase.php(519): PHPUnit/Framework/TestCase->runTest()
#73 C:/Users/MUHAMMAD/Desktop/Project/MTECP/vendor/phpunit/phpunit/src/Framework/TestRunner/TestRunner.php(87): PHPUnit/Framework/TestCase->runBare()
#74 C:/Users/MUHAMMAD/Desktop/Project/MTECP/vendor/phpunit/phpunit/src/Framework/TestCase.php(365): PHPUnit/Framework/TestRunner->run(Object(Tests/Feature/StorefrontThemingTest))
#75 C:/Users/MUHAMMAD/Desktop/Project/MTECP/vendor/phpunit/phpunit/src/Framework/TestSuite.php(369): PHPUnit/Framework/TestCase->run()
#76 C:/Users/MUHAMMAD/Desktop/Project/MTECP/vendor/phpunit/phpunit/src/Framework/TestSuite.php(369): PHPUnit/Framework/TestSuite->run()
#77 C:/Users/MUHAMMAD/Desktop/Project/MTECP/vendor/phpunit/phpunit/src/Framework/TestSuite.php(369): PHPUnit/Framework/TestSuite->run()
#78 C:/Users/MUHAMMAD/Desktop/Project/MTECP/vendor/phpunit/phpunit/src/TextUI/TestRunner.php(64): PHPUnit/Framework/TestSuite->run()
#79 C:/Users/MUHAMMAD/Desktop/Project/MTECP/vendor/phpunit/phpunit/src/TextUI/Application.php(211): PHPUnit/TextUI/TestRunner->run(Object(PHPUnit/TextUI/Configuration/Configuration), Object(PHPUnit/Runner/ResultCache/DefaultResultCache), Object(PHPUnit/Framework/TestSuite))
#80 C:/Users/MUHAMMAD/Desktop/Project/MTECP/vendor/phpunit/phpunit/phpunit(104): PHPUnit/TextUI/Application->run(Array)
#81 {main}
"} 
[2026-02-22 20:56:15] local.INFO: Evaluating routes/tenant.php  
[2026-02-22 20:56:17] testing.INFO: Evaluating routes/tenant.php  
[2026-02-22 21:04:54] local.INFO: Evaluating routes/tenant.php  
[2026-02-22 21:04:57] testing.INFO: Evaluating routes/tenant.php  
[2026-02-23 12:38:22] local.INFO: Evaluating routes/tenant.php  
[2026-02-23 12:50:54] local.INFO: Evaluating routes/tenant.php  
[2026-02-23 12:54:34] local.INFO: Evaluating routes/tenant.php  
[2026-02-23 13:27:50] local.INFO: Evaluating routes/tenant.php  
[2026-02-23 13:31:44] local.INFO: Evaluating routes/tenant.php  
[2026-02-23 13:34:39] local.INFO: Evaluating routes/tenant.php  
[2026-02-23 13:36:16] local.INFO: Evaluating routes/tenant.php  
[2026-02-23 13:36:18] testing.INFO: Evaluating routes/tenant.php  
